10-01-2024 09:47:11 :INFO : <module> :Setting up the webdriver.
10-01-2024 09:47:14 :INFO : <module> :Tearing down webdriver
10-01-2024 09:47:14 :INFO : <module> :Setting up the webdriver.
10-01-2024 09:47:19 :INFO : HomePage :Entering the text.
10-01-2024 09:47:19 :INFO : HomePage :Entered the text.
10-01-2024 09:47:19 :INFO : HomePage :Pressed the Enter key.
10-01-2024 09:47:19 :INFO : HomePage :Searching for the result
10-01-2024 09:47:20 :INFO : HomePage :Title is: Python - Google Search
10-01-2024 09:47:20 :INFO : <module> :Tearing down webdriver
10-01-2024 09:47:49 :INFO : <module> :Setting up the webdriver.
10-01-2024 09:47:52 :INFO : <module> :Tearing down webdriver
10-01-2024 09:47:52 :INFO : <module> :Setting up the webdriver.
10-01-2024 09:47:57 :INFO : HomePage :Entering the text.
10-01-2024 09:47:57 :INFO : HomePage :Entered the text.
10-01-2024 09:47:57 :INFO : HomePage :Pressed the Enter key.
10-01-2024 09:47:57 :INFO : HomePage :Searching for the result
10-01-2024 09:47:59 :INFO : HomePage :Title is: Python - Google Search
10-01-2024 09:47:59 :INFO : <module> :Tearing down webdriver
10-01-2024 10:55:29 :INFO : <module> :Setting up the webdriver.
10-01-2024 10:55:33 :INFO : <module> :Tearing down webdriver
10-01-2024 10:55:33 :INFO : <module> :Setting up the webdriver.
10-01-2024 10:55:39 :INFO : HomePage :Entering the text.
10-01-2024 10:55:39 :INFO : HomePage :Entered the text.
10-01-2024 10:55:39 :INFO : HomePage :Pressed the Enter key.
10-01-2024 10:55:39 :INFO : HomePage :Searching for the result
10-01-2024 10:55:40 :INFO : HomePage :Title is: Python - Google Search
10-01-2024 10:55:40 :INFO : <module> :Tearing down webdriver
10-01-2024 10:56:42 :INFO : <module> :Setting up the webdriver.
10-01-2024 10:56:42 :INFO : <module> :Setting up the webdriver.
10-01-2024 10:56:45 :INFO : HomePage :Entering the text.
10-01-2024 10:56:46 :INFO : HomePage :Entered the text.
10-01-2024 10:56:46 :INFO : <module> :Tearing down webdriver
10-01-2024 10:56:46 :INFO : HomePage :Pressed the Enter key.
10-01-2024 10:56:46 :INFO : HomePage :Searching for the result
10-01-2024 10:56:47 :INFO : HomePage :Title is: Python - Google Search
10-01-2024 10:56:47 :INFO : <module> :Tearing down webdriver
10-01-2024 10:59:11 :INFO : <module> :Setting up the webdriver.
10-01-2024 10:59:11 :INFO : <module> :Setting up the webdriver.
10-01-2024 10:59:14 :INFO : HomePage :Entering the text.
10-01-2024 10:59:14 :INFO : HomePage :Entered the text.
10-01-2024 10:59:14 :INFO : HomePage :Pressed the Enter key.
10-01-2024 10:59:14 :INFO : HomePage :Searching for the result
10-01-2024 10:59:14 :INFO : <module> :Tearing down webdriver
10-01-2024 10:59:15 :INFO : HomePage :Title is: Python - Google Search
10-01-2024 10:59:15 :INFO : <module> :Tearing down webdriver
10-01-2024 11:04:30 :INFO : <module> :Setting up the webdriver.
10-01-2024 11:04:30 :INFO : <module> :Setting up the webdriver.
10-01-2024 11:04:33 :INFO : <module> :Tearing down webdriver
10-01-2024 11:04:33 :INFO : HomePage :Entering the text.
10-01-2024 11:04:33 :INFO : HomePage :Entered the text.
10-01-2024 11:04:34 :INFO : HomePage :Pressed the Enter key.
10-01-2024 11:04:34 :INFO : HomePage :Searching for the result
10-01-2024 11:04:35 :INFO : HomePage :Title is: Python - Google Search
10-01-2024 11:04:35 :INFO : <module> :Tearing down webdriver
10-01-2024 11:07:57 :INFO : <module> :Setting up the webdriver.
10-01-2024 11:07:57 :INFO : <module> :Setting up the webdriver.
10-01-2024 11:25:15 :INFO : <module> :Setting up the webdriver.
10-01-2024 11:25:15 :INFO : <module> :Setting up the webdriver.
10-01-2024 11:25:18 :INFO : HomePage :Entering the text.
10-01-2024 11:25:18 :INFO : <module> :Tearing down webdriver
10-01-2024 11:25:19 :INFO : HomePage :Entered the text.
10-01-2024 11:25:19 :INFO : HomePage :Pressed the Enter key.
10-01-2024 11:25:19 :INFO : HomePage :Searching for the result
10-01-2024 11:25:19 :INFO : HomePage :Title is: Python - Google Search
10-01-2024 11:25:19 :INFO : <module> :Tearing down webdriver
10-01-2024 12:39:14 :INFO : <module> :Setting up the webdriver.
10-01-2024 12:39:14 :INFO : <module> :Setting up the webdriver.
10-01-2024 12:39:17 :INFO : <module> :Tearing down webdriver
10-01-2024 12:39:18 :INFO : <module> :Tearing down webdriver
10-01-2024 12:42:45 :INFO : <module> :Setting up the webdriver.
10-01-2024 12:42:45 :INFO : <module> :Setting up the webdriver.
10-01-2024 12:42:48 :INFO : HomePage :Entering the text.
10-01-2024 12:42:48 :INFO : HomePage :Entered the text.
10-01-2024 12:42:48 :INFO : <module> :Tearing down webdriver
10-01-2024 12:42:48 :INFO : HomePage :Pressed the Enter key.
10-01-2024 12:42:48 :INFO : HomePage :Searching for the result
10-01-2024 12:42:50 :INFO : HomePage :Title is: BLR - Google Search
10-01-2024 12:42:50 :INFO : <module> :Tearing down webdriver
10-01-2024 12:49:36 :INFO : <module> :Setting up the webdriver.
10-01-2024 12:49:36 :INFO : <module> :Setting up the webdriver.
10-01-2024 12:49:39 :INFO : HomePage :Entering the text.
10-01-2024 12:49:39 :INFO : HomePage :Entered the text.
10-01-2024 12:49:39 :INFO : <module> :Tearing down webdriver
10-01-2024 12:49:39 :INFO : HomePage :Pressed the Enter key.
10-01-2024 12:49:39 :INFO : HomePage :Searching for the result
10-01-2024 12:49:42 :INFO : HomePage :Title is: BLR - Google Search
10-01-2024 12:49:42 :INFO : <module> :Tearing down webdriver
10-01-2024 12:54:56 :INFO : <module> :Setting up the webdriver.
10-01-2024 12:54:56 :INFO : <module> :Setting up the webdriver.
10-01-2024 12:54:59 :INFO : <module> :Tearing down webdriver
10-01-2024 12:54:59 :INFO : <module> :Setting up the webdriver.
10-01-2024 12:55:00 :INFO : <module> :Tearing down webdriver
10-01-2024 12:55:02 :INFO : HomePage :Entering the text.
10-01-2024 12:55:03 :INFO : HomePage :Entered the text.
10-01-2024 12:55:03 :INFO : HomePage :Pressed the Enter key.
10-01-2024 12:55:03 :INFO : HomePage :Searching for the result
10-01-2024 12:55:05 :INFO : HomePage :Title is: BLR - Google Search
10-01-2024 12:55:05 :INFO : <module> :Tearing down webdriver
10-01-2024 12:57:02 :INFO : <module> :Setting up the webdriver.
10-01-2024 12:57:05 :INFO : <module> :Tearing down webdriver
10-01-2024 12:57:26 :INFO : <module> :Setting up the webdriver.
10-01-2024 12:57:29 :INFO : <module> :Tearing down webdriver
10-01-2024 12:57:45 :INFO : <module> :Setting up the webdriver.
10-01-2024 12:57:50 :INFO : <module> :Tearing down webdriver
10-01-2024 13:57:50 :INFO : <module> :Setting up the webdriver.
10-01-2024 13:58:28 :INFO : <module> :Tearing down webdriver
10-01-2024 13:59:45 :INFO : <module> :Setting up the webdriver.
10-01-2024 13:59:49 :INFO : <module> :Tearing down webdriver
10-01-2024 14:27:12 :INFO : <module> :Setting up the webdriver.
10-01-2024 14:27:18 :INFO : <module> :Tearing down webdriver
10-01-2024 14:28:46 :INFO : <module> :Setting up the webdriver.
10-01-2024 14:28:50 :INFO : HomePage :Clicked the webelement.
10-01-2024 14:28:52 :INFO : <module> :Tearing down webdriver
10-01-2024 14:31:45 :INFO : <module> :Setting up the webdriver.
10-01-2024 14:31:50 :INFO : <module> :Tearing down webdriver
10-01-2024 14:36:32 :INFO : <module> :Setting up the webdriver.
10-01-2024 14:36:35 :INFO : HomePage :Clicked the webelement.
10-01-2024 14:36:38 :INFO : <module> :Tearing down webdriver
10-01-2024 14:37:35 :INFO : <module> :Setting up the webdriver.
10-01-2024 14:37:38 :INFO : HomePage :Clicked the webelement.
10-01-2024 14:37:42 :INFO : <module> :Tearing down webdriver
10-01-2024 14:39:00 :INFO : <module> :Setting up the webdriver.
10-01-2024 14:39:05 :INFO : HomePage :Clicked the webelement.
10-01-2024 14:39:11 :INFO : <module> :Tearing down webdriver
10-01-2024 14:40:45 :INFO : <module> :Setting up the webdriver.
10-01-2024 14:40:49 :INFO : HomePage :Clicked the webelement.
10-01-2024 14:40:54 :INFO : <module> :Tearing down webdriver
10-01-2024 14:41:44 :INFO : <module> :Setting up the webdriver.
10-01-2024 14:41:48 :INFO : HomePage :Clicked the webelement.
10-01-2024 14:41:53 :INFO : <module> :Tearing down webdriver
10-01-2024 14:42:32 :INFO : <module> :Setting up the webdriver.
10-01-2024 14:42:36 :INFO : HomePage :Clicked the webelement.
10-01-2024 14:42:43 :INFO : <module> :Tearing down webdriver
10-01-2024 19:54:05 :INFO : <module> :Setting up the webdriver.
10-01-2024 19:54:09 :INFO : <module> :Tearing down webdriver
10-01-2024 19:55:10 :INFO : <module> :Setting up the webdriver.
10-01-2024 19:55:13 :INFO : HomePage :Clicked the webelement.
10-01-2024 19:55:20 :INFO : <module> :Tearing down webdriver
10-01-2024 19:58:15 :INFO : <module> :Setting up the webdriver.
10-01-2024 19:58:18 :INFO : HomePage :Clicked the webelement.
10-01-2024 19:58:23 :INFO : <module> :Tearing down webdriver
10-01-2024 20:01:32 :INFO : <module> :Setting up the webdriver.
10-01-2024 20:01:35 :INFO : HomePage :Clicked the webelement.
10-01-2024 20:01:40 :INFO : <module> :Tearing down webdriver
10-01-2024 20:03:55 :INFO : <module> :Setting up the webdriver.
10-01-2024 20:03:58 :INFO : HomePage :Clicked the webelement.
10-01-2024 20:04:03 :INFO : <module> :Tearing down webdriver
10-01-2024 20:06:06 :INFO : <module> :Setting up the webdriver.
10-01-2024 20:06:09 :INFO : HomePage :Clicked the webelement.
10-01-2024 20:06:15 :INFO : <module> :Tearing down webdriver
10-01-2024 20:07:19 :INFO : <module> :Setting up the webdriver.
10-01-2024 20:07:22 :INFO : <module> :Tearing down webdriver
10-01-2024 20:09:22 :INFO : <module> :Setting up the webdriver.
10-01-2024 20:09:25 :INFO : HomePage :Element = xpath_//span[contains(@class,'Close')] can be clicked
10-01-2024 20:09:25 :INFO : HomePage :Clicked the webelement.
10-01-2024 20:09:30 :INFO : <module> :Tearing down webdriver
11-01-2024 09:47:50 :INFO : <module> :Setting up the webdriver.
11-01-2024 09:47:54 :INFO : HomePage :Element = xpath_//span[contains(@class,'Close')] can be clicked
11-01-2024 09:47:54 :INFO : HomePage :Clicked the webelement.
11-01-2024 09:47:59 :INFO : <module> :Tearing down webdriver
11-01-2024 09:47:59 :INFO : <module> :Setting up the webdriver.
11-01-2024 09:48:02 :INFO : <module> :Tearing down webdriver
11-01-2024 09:48:02 :INFO : <module> :Setting up the webdriver.
11-01-2024 09:48:07 :INFO : HomePage :Entering the text.
11-01-2024 09:48:07 :INFO : <module> :Tearing down webdriver
11-01-2024 09:49:48 :INFO : <module> :Setting up the webdriver.
11-01-2024 09:49:51 :INFO : <module> :Tearing down webdriver
11-01-2024 09:49:51 :INFO : <module> :Setting up the webdriver.
11-01-2024 09:49:55 :INFO : HomePage :Entering the text.
11-01-2024 09:49:59 :INFO : HomePage :Entered the text.
11-01-2024 09:49:59 :INFO : HomePage :Pressed the Enter key.
11-01-2024 09:49:59 :INFO : HomePage :Searching for the result
11-01-2024 09:50:02 :INFO : HomePage :Title is: BLR - Google Search
11-01-2024 09:50:02 :INFO : <module> :Tearing down webdriver
11-01-2024 10:04:22 :INFO : <module> :Setting up the webdriver.
11-01-2024 10:04:28 :INFO : <module> :Tearing down webdriver
11-01-2024 10:04:28 :INFO : <module> :Setting up the webdriver.
11-01-2024 10:04:33 :INFO : HomePage :Entering the text.
11-01-2024 10:04:37 :INFO : HomePage :Entered the text.
11-01-2024 10:04:37 :INFO : HomePage :Pressed the Enter key.
11-01-2024 10:04:37 :INFO : HomePage :Searching for the result
11-01-2024 10:04:38 :INFO : HomePage :Title is: Python - Google Search
11-01-2024 10:04:38 :INFO : <module> :Tearing down webdriver
11-01-2024 10:04:38 :INFO : <module> :Setting up the webdriver.
11-01-2024 10:04:43 :INFO : HomePage :Entering the text.
11-01-2024 10:04:47 :INFO : HomePage :Entered the text.
11-01-2024 10:04:47 :INFO : HomePage :Pressed the Enter key.
11-01-2024 10:04:47 :INFO : HomePage :Searching for the result
11-01-2024 10:04:49 :INFO : HomePage :Title is: Pytest - Google Search
11-01-2024 10:04:49 :INFO : <module> :Tearing down webdriver
11-01-2024 10:04:49 :INFO : <module> :Setting up the webdriver.
11-01-2024 10:04:53 :INFO : HomePage :Entering the text.
11-01-2024 10:04:57 :INFO : HomePage :Entered the text.
11-01-2024 10:04:58 :INFO : HomePage :Pressed the Enter key.
11-01-2024 10:04:58 :INFO : HomePage :Searching for the result
11-01-2024 10:04:59 :INFO : HomePage :Title is: Selenium - Google Search
11-01-2024 10:04:59 :INFO : <module> :Tearing down webdriver
11-01-2024 10:08:44 :INFO : <module> :Setting up the webdriver.
11-01-2024 10:08:44 :INFO : <module> :Setting up the webdriver.
11-01-2024 10:08:44 :INFO : <module> :Setting up the webdriver.
11-01-2024 10:08:47 :INFO : HomePage :Entering the text.
11-01-2024 10:08:47 :INFO : <module> :Tearing down webdriver
11-01-2024 10:08:47 :INFO : HomePage :Entering the text.
11-01-2024 10:08:47 :INFO : <module> :Setting up the webdriver.
11-01-2024 10:08:51 :INFO : HomePage :Entered the text.
11-01-2024 10:08:51 :INFO : HomePage :Pressed the Enter key.
11-01-2024 10:08:51 :INFO : HomePage :Searching for the result
11-01-2024 10:08:51 :INFO : HomePage :Entered the text.
11-01-2024 10:08:52 :INFO : HomePage :Pressed the Enter key.
11-01-2024 10:08:52 :INFO : HomePage :Searching for the result
11-01-2024 10:08:52 :INFO : HomePage :Entering the text.
11-01-2024 10:08:52 :INFO : HomePage :Title is: Python - Google Search
11-01-2024 10:08:52 :INFO : <module> :Tearing down webdriver
11-01-2024 10:08:52 :INFO : HomePage :Title is: Pytest - Google Search
11-01-2024 10:08:52 :INFO : TestSearch :Title is Pytest - Google Search
11-01-2024 10:08:52 :INFO : <module> :Tearing down webdriver
11-01-2024 10:08:56 :INFO : HomePage :Entered the text.
11-01-2024 10:08:56 :INFO : HomePage :Pressed the Enter key.
11-01-2024 10:08:56 :INFO : HomePage :Searching for the result
11-01-2024 10:08:58 :INFO : HomePage :Title is: Selenium - Google Search
11-01-2024 10:08:58 :INFO : TestSearch :Title is Selenium - Google Search
11-01-2024 10:08:58 :INFO : <module> :Tearing down webdriver
11-01-2024 10:21:45 :INFO : <module> :Setting up the webdriver.
11-01-2024 10:21:47 :INFO : <module> :Tearing down webdriver
11-01-2024 10:21:48 :INFO : HomePage :Entering the text.
11-01-2024 10:21:48 :INFO : <module> :Setting up the webdriver.
11-01-2024 10:21:48 :INFO : HomePage :Entering the text.
11-01-2024 10:21:52 :INFO : HomePage :Entered the text.
11-01-2024 10:21:52 :INFO : HomePage :Entered the text.
11-01-2024 10:21:52 :INFO : HomePage :Pressed the Enter key.
11-01-2024 10:21:52 :INFO : HomePage :Searching for the result
11-01-2024 10:21:52 :INFO : HomePage :Pressed the Enter key.
11-01-2024 10:21:52 :INFO : HomePage :Searching for the result
11-01-2024 10:21:53 :INFO : HomePage :Entering the text.
11-01-2024 10:21:54 :INFO : HomePage :Title is: Pytest - Google Search
11-01-2024 10:21:54 :INFO : HomePage :Title is: Python - Google Search
11-01-2024 10:21:54 :INFO : TestSearch :Title is Pytest - Google Search
11-01-2024 10:21:54 :INFO : <module> :Tearing down webdriver
11-01-2024 10:21:54 :INFO : <module> :Tearing down webdriver
11-01-2024 10:21:57 :INFO : HomePage :Entered the text.
11-01-2024 10:21:57 :INFO : HomePage :Pressed the Enter key.
11-01-2024 10:21:57 :INFO : HomePage :Searching for the result
11-01-2024 10:21:59 :INFO : HomePage :Title is: Selenium - Google Search
11-01-2024 10:21:59 :INFO : TestSearch :Title is Selenium - Google Search
11-01-2024 10:21:59 :INFO : <module> :Tearing down webdriver
11-01-2024 10:35:05 :INFO : <module> :Setting up the webdriver.
11-01-2024 10:35:05 :INFO : <module> :Setting up the webdriver.
11-01-2024 10:35:05 :INFO : <module> :Setting up the webdriver.
11-01-2024 10:35:05 :INFO : <module> :Setting up the webdriver.
11-01-2024 10:35:08 :INFO : HomePage :Entering the text.
11-01-2024 10:35:08 :INFO : HomePage :Entering the text.
11-01-2024 10:35:08 :INFO : HomePage :Entering the text.
11-01-2024 10:35:08 :INFO : <module> :Tearing down webdriver
11-01-2024 10:35:12 :INFO : HomePage :Entered the text.
11-01-2024 10:35:12 :INFO : HomePage :Entered the text.
11-01-2024 10:35:12 :INFO : HomePage :Pressed the Enter key.
11-01-2024 10:35:12 :INFO : HomePage :Searching for the result
11-01-2024 10:35:12 :INFO : HomePage :Entered the text.
11-01-2024 10:35:12 :INFO : HomePage :Pressed the Enter key.
11-01-2024 10:35:12 :INFO : HomePage :Searching for the result
11-01-2024 10:35:12 :INFO : HomePage :Pressed the Enter key.
11-01-2024 10:35:12 :INFO : HomePage :Searching for the result
11-01-2024 10:35:13 :INFO : HomePage :Title is: Python - Google Search
11-01-2024 10:35:13 :INFO : <module> :Tearing down webdriver
11-01-2024 10:35:14 :INFO : HomePage :Title is: Pytest - Google Search
11-01-2024 10:35:14 :INFO : TestSearch :Title is Pytest - Google Search
11-01-2024 10:35:14 :INFO : <module> :Tearing down webdriver
11-01-2024 10:35:14 :INFO : HomePage :Title is: Selenium - Google Search
11-01-2024 10:35:14 :INFO : TestSearch :Title is Selenium - Google Search
11-01-2024 10:35:14 :INFO : <module> :Tearing down webdriver
11-01-2024 10:45:19 :INFO : <module> :Setting up the webdriver.
11-01-2024 10:45:19 :INFO : <module> :Setting up the webdriver.
11-01-2024 10:45:19 :INFO : <module> :Setting up the webdriver.
11-01-2024 10:45:19 :INFO : <module> :Setting up the webdriver.
11-01-2024 10:45:22 :INFO : HomePage :Entering the text.
11-01-2024 10:45:22 :INFO : HomePage :Entering the text.
11-01-2024 10:45:22 :INFO : HomePage :Entering the text.
11-01-2024 10:45:22 :INFO : <module> :Tearing down webdriver
11-01-2024 10:45:26 :INFO : HomePage :Entered the text.
11-01-2024 10:45:26 :INFO : HomePage :Entered the text.
11-01-2024 10:45:26 :INFO : HomePage :Entered the text.
11-01-2024 10:45:26 :INFO : HomePage :Pressed the Enter key.
11-01-2024 10:45:26 :INFO : HomePage :Searching for the result
11-01-2024 10:45:26 :INFO : HomePage :Pressed the Enter key.
11-01-2024 10:45:26 :INFO : HomePage :Searching for the result
11-01-2024 10:45:26 :INFO : HomePage :Pressed the Enter key.
11-01-2024 10:45:26 :INFO : HomePage :Searching for the result
11-01-2024 10:45:28 :INFO : HomePage :Title is: Pytest - Google Search
11-01-2024 10:45:28 :INFO : TestSearch :Title is Pytest - Google Search
11-01-2024 10:45:28 :INFO : <module> :Tearing down webdriver
11-01-2024 10:45:28 :INFO : HomePage :Title is: Python - Google Search
11-01-2024 10:45:28 :INFO : <module> :Tearing down webdriver
11-01-2024 10:45:29 :INFO : HomePage :Title is: Selenium - Google Search
11-01-2024 10:45:29 :INFO : TestSearch :Title is Selenium - Google Search
11-01-2024 10:45:29 :INFO : <module> :Tearing down webdriver
11-01-2024 11:21:31 :INFO : <module> :Setting up the webdriver.
11-01-2024 11:21:31 :INFO : <module> :Setting up the webdriver.
11-01-2024 11:21:31 :INFO : <module> :Setting up the webdriver.
11-01-2024 11:21:31 :INFO : <module> :Setting up the webdriver.
11-01-2024 11:21:35 :INFO : HomePage :Entering the text.
11-01-2024 11:21:35 :INFO : HomePage :Entering the text.
11-01-2024 11:21:35 :INFO : <module> :Tearing down webdriver
11-01-2024 11:21:36 :INFO : HomePage :Entering the text.
11-01-2024 11:21:39 :INFO : HomePage :Entered the text.
11-01-2024 11:21:39 :INFO : HomePage :Entered the text.
11-01-2024 11:21:39 :INFO : HomePage :Pressed the Enter key.
11-01-2024 11:21:39 :INFO : HomePage :Searching for the result
11-01-2024 11:21:39 :INFO : HomePage :Pressed the Enter key.
11-01-2024 11:21:39 :INFO : HomePage :Searching for the result
11-01-2024 11:21:40 :INFO : HomePage :Entered the text.
11-01-2024 11:21:40 :INFO : HomePage :Pressed the Enter key.
11-01-2024 11:21:40 :INFO : HomePage :Searching for the result
11-01-2024 11:21:41 :INFO : HomePage :Title is: Python - Google Search
11-01-2024 11:21:41 :INFO : <module> :Tearing down webdriver
11-01-2024 11:21:41 :INFO : HomePage :Title is: Selenium - Google Search
11-01-2024 11:21:41 :INFO : TestSearch :Title is Selenium - Google Search
11-01-2024 11:21:41 :INFO : <module> :Tearing down webdriver
11-01-2024 11:21:42 :INFO : HomePage :Title is: Pytest - Google Search
11-01-2024 11:21:42 :INFO : TestSearch :Title is Pytest - Google Search
11-01-2024 11:21:42 :INFO : <module> :Tearing down webdriver
11-01-2024 12:42:31 :INFO : <module> :Setting up the webdriver.
11-01-2024 12:42:31 :INFO : <module> :Setting up the webdriver.
11-01-2024 12:42:31 :INFO : <module> :Setting up the webdriver.
11-01-2024 12:42:31 :INFO : <module> :Setting up the webdriver.
11-01-2024 12:42:34 :INFO : HomePage :Entering the text.
11-01-2024 12:42:37 :INFO : HomePage :Entering the text.
11-01-2024 12:42:37 :INFO : HomePage :Entering the text.
11-01-2024 12:42:37 :INFO : <module> :Tearing down webdriver
11-01-2024 12:42:41 :INFO : HomePage :Entered the text.
11-01-2024 12:42:41 :INFO : HomePage :Entered the text.
11-01-2024 12:42:41 :INFO : HomePage :Entered the text.
11-01-2024 12:42:41 :INFO : HomePage :Pressed the Enter key.
11-01-2024 12:42:41 :INFO : HomePage :Searching for the result
11-01-2024 12:42:41 :INFO : HomePage :Pressed the Enter key.
11-01-2024 12:42:41 :INFO : HomePage :Searching for the result
11-01-2024 12:42:41 :INFO : HomePage :Pressed the Enter key.
11-01-2024 12:42:41 :INFO : HomePage :Searching for the result
11-01-2024 12:42:43 :INFO : HomePage :Title is: Selenium - Google Search
11-01-2024 12:42:43 :INFO : TestSearch :Title is Selenium - Google Search
11-01-2024 12:42:43 :INFO : <module> :Tearing down webdriver
11-01-2024 12:42:44 :INFO : HomePage :Title is: Pytest - Google Search
11-01-2024 12:42:44 :INFO : TestSearch :Title is Pytest - Google Search
11-01-2024 12:42:44 :INFO : <module> :Tearing down webdriver
11-01-2024 12:42:44 :INFO : HomePage :Title is: Python - Google Search
11-01-2024 12:42:44 :INFO : <module> :Tearing down webdriver
11-01-2024 12:43:55 :INFO : <module> :Setting up the webdriver.
11-01-2024 12:43:55 :INFO : <module> :Setting up the webdriver.
11-01-2024 12:43:55 :INFO : <module> :Setting up the webdriver.
11-01-2024 12:43:55 :INFO : <module> :Setting up the webdriver.
11-01-2024 12:43:58 :INFO : HomePage :Entering the text.
11-01-2024 12:43:58 :INFO : HomePage :Entering the text.
11-01-2024 12:43:58 :INFO : <module> :Tearing down webdriver
11-01-2024 12:44:02 :INFO : HomePage :Entered the text.
11-01-2024 12:44:02 :INFO : HomePage :Pressed the Enter key.
11-01-2024 12:44:02 :INFO : HomePage :Searching for the result
11-01-2024 12:44:02 :INFO : HomePage :Entered the text.
11-01-2024 12:44:03 :INFO : HomePage :Pressed the Enter key.
11-01-2024 12:44:03 :INFO : HomePage :Searching for the result
11-01-2024 12:44:03 :INFO : HomePage :Title is: Python - Google Search
11-01-2024 12:44:03 :INFO : <module> :Tearing down webdriver
11-01-2024 12:44:04 :INFO : HomePage :Title is: Pytest - Google Search
11-01-2024 12:44:04 :INFO : TestSearch :Title is Pytest - Google Search
11-01-2024 12:44:04 :INFO : <module> :Tearing down webdriver
11-01-2024 12:44:07 :INFO : HomePage :Entering the text.
11-01-2024 12:44:11 :INFO : HomePage :Entered the text.
11-01-2024 12:44:11 :INFO : HomePage :Pressed the Enter key.
11-01-2024 12:44:11 :INFO : HomePage :Searching for the result
11-01-2024 12:44:15 :INFO : HomePage :Title is: Selenium - Google Search
11-01-2024 12:44:15 :INFO : TestSearch :Title is Selenium - Google Search
11-01-2024 12:44:15 :INFO : <module> :Tearing down webdriver
11-01-2024 12:58:34 :INFO : <module> :Setting up the webdriver.
11-01-2024 12:58:34 :INFO : <module> :Setting up the webdriver.
11-01-2024 12:58:34 :INFO : <module> :Setting up the webdriver.
11-01-2024 12:58:34 :INFO : <module> :Setting up the webdriver.
11-01-2024 12:58:36 :INFO : HomePage :Entering the text.
11-01-2024 12:58:37 :INFO : HomePage :Entering the text.
11-01-2024 12:58:37 :INFO : HomePage :Entering the text.
11-01-2024 12:58:37 :INFO : <module> :Tearing down webdriver
11-01-2024 12:58:41 :INFO : HomePage :Entered the text.
11-01-2024 12:58:41 :INFO : HomePage :Entered the text.
11-01-2024 12:58:41 :INFO : HomePage :Pressed the Enter key.
11-01-2024 12:58:41 :INFO : HomePage :Searching for the result
11-01-2024 12:58:41 :INFO : HomePage :Entered the text.
11-01-2024 12:58:41 :INFO : HomePage :Pressed the Enter key.
11-01-2024 12:58:41 :INFO : HomePage :Searching for the result
11-01-2024 12:58:41 :INFO : HomePage :Pressed the Enter key.
11-01-2024 12:58:41 :INFO : HomePage :Searching for the result
11-01-2024 12:58:43 :INFO : HomePage :Title is: Pytest - Google Search
11-01-2024 12:58:43 :INFO : TestSearch :Title is Pytest - Google Search
11-01-2024 12:58:43 :INFO : <module> :Tearing down webdriver
11-01-2024 12:58:43 :INFO : HomePage :Title is: Selenium - Google Search
11-01-2024 12:58:43 :INFO : TestSearch :Title is Selenium - Google Search
11-01-2024 12:58:43 :INFO : <module> :Tearing down webdriver
11-01-2024 12:58:43 :INFO : HomePage :Title is: Python - Google Search
11-01-2024 12:58:43 :INFO : <module> :Tearing down webdriver
11-01-2024 13:49:25 :INFO : <module> :Setting up the webdriver.
11-01-2024 13:49:25 :INFO : <module> :Setting up the webdriver.
11-01-2024 13:49:25 :INFO : <module> :Setting up the webdriver.
11-01-2024 13:49:25 :INFO : <module> :Setting up the webdriver.
11-01-2024 13:49:29 :INFO : HomePage :Entering the text.
11-01-2024 13:49:29 :INFO : HomePage :Entering the text.
11-01-2024 13:49:29 :INFO : HomePage :Entering the text.
11-01-2024 13:49:29 :INFO : <module> :Tearing down webdriver
11-01-2024 13:49:33 :INFO : HomePage :Entered the text.
11-01-2024 13:49:33 :INFO : HomePage :Pressed the Enter key.
11-01-2024 13:49:33 :INFO : HomePage :Searching for the result
11-01-2024 13:49:33 :INFO : HomePage :Entered the text.
11-01-2024 13:49:33 :INFO : HomePage :Entered the text.
11-01-2024 13:49:33 :INFO : HomePage :Pressed the Enter key.
11-01-2024 13:49:33 :INFO : HomePage :Searching for the result
11-01-2024 13:49:33 :INFO : HomePage :Pressed the Enter key.
11-01-2024 13:49:33 :INFO : HomePage :Searching for the result
11-01-2024 13:49:34 :INFO : HomePage :Title is: Python - Google Search
11-01-2024 13:49:34 :INFO : <module> :Tearing down webdriver
11-01-2024 13:49:35 :INFO : HomePage :Title is: Selenium - Google Search
11-01-2024 13:49:35 :INFO : TestSearch :Title is Selenium - Google Search
11-01-2024 13:49:35 :INFO : <module> :Tearing down webdriver
11-01-2024 13:49:35 :INFO : HomePage :Title is: Pytest - Google Search
11-01-2024 13:49:35 :INFO : TestSearch :Title is Pytest - Google Search
11-01-2024 13:49:35 :INFO : <module> :Tearing down webdriver
11-01-2024 14:54:55 :INFO : <module> :Setting up the webdriver.
11-01-2024 14:54:55 :INFO : <module> :Setting up the webdriver.
11-01-2024 14:54:55 :INFO : <module> :Setting up the webdriver.
11-01-2024 14:54:55 :INFO : <module> :Setting up the webdriver.
11-01-2024 14:55:00 :INFO : HomePage :Entering the text.
11-01-2024 14:55:00 :INFO : <module> :Tearing down webdriver
11-01-2024 14:55:04 :INFO : HomePage :Entered the text.
11-01-2024 14:55:04 :INFO : HomePage :Pressed the Enter key.
11-01-2024 14:55:04 :INFO : HomePage :Searching for the result
11-01-2024 14:55:04 :INFO : HomePage :Entering the text.
11-01-2024 14:55:05 :INFO : HomePage :Title is: Python - Google Search
11-01-2024 14:55:05 :INFO : <module> :Tearing down webdriver
11-01-2024 14:55:07 :INFO : HomePage :Entering the text.
11-01-2024 14:55:08 :INFO : HomePage :Entered the text.
11-01-2024 14:55:08 :INFO : HomePage :Pressed the Enter key.
11-01-2024 14:55:08 :INFO : HomePage :Searching for the result
11-01-2024 14:55:10 :INFO : HomePage :Title is: Selenium - Google Search
11-01-2024 14:55:10 :INFO : TestSearch :Title is Selenium - Google Search
11-01-2024 14:55:10 :INFO : <module> :Tearing down webdriver
11-01-2024 14:55:11 :INFO : HomePage :Entered the text.
11-01-2024 14:55:11 :INFO : HomePage :Pressed the Enter key.
11-01-2024 14:55:11 :INFO : HomePage :Searching for the result
11-01-2024 14:55:13 :INFO : HomePage :Title is: Pytest - Google Search
11-01-2024 14:55:13 :INFO : TestSearch :Title is Pytest - Google Search
11-01-2024 14:55:13 :INFO : <module> :Tearing down webdriver
11-01-2024 15:33:17 :INFO : <module> :Setting up the webdriver.
11-01-2024 15:33:17 :INFO : <module> :Setting up the webdriver.
11-01-2024 15:33:17 :INFO : <module> :Setting up the webdriver.
11-01-2024 15:33:17 :INFO : <module> :Setting up the webdriver.
11-01-2024 15:33:20 :INFO : HomePage :Entering the text.
11-01-2024 15:33:21 :INFO : HomePage :Entering the text.
11-01-2024 15:33:24 :INFO : HomePage :Entered the text.
11-01-2024 15:33:25 :INFO : HomePage :Pressed the Enter key.
11-01-2024 15:33:25 :INFO : HomePage :Searching for the result
11-01-2024 15:33:25 :INFO : HomePage :Entered the text.
11-01-2024 15:33:25 :INFO : HomePage :Pressed the Enter key.
11-01-2024 15:33:25 :INFO : HomePage :Searching for the result
11-01-2024 15:33:26 :INFO : <module> :Tearing down webdriver
11-01-2024 15:33:26 :INFO : HomePage :Entering the text.
11-01-2024 15:33:28 :INFO : HomePage :Title is: Selenium - Google Search
11-01-2024 15:33:28 :INFO : TestSearch :Title is Selenium - Google Search
11-01-2024 15:33:28 :INFO : <module> :Tearing down webdriver
11-01-2024 15:33:28 :INFO : HomePage :Title is: Pytest - Google Search
11-01-2024 15:33:28 :INFO : TestSearch :Title is Pytest - Google Search
11-01-2024 15:33:28 :INFO : <module> :Tearing down webdriver
11-01-2024 15:33:30 :INFO : HomePage :Entered the text.
11-01-2024 15:33:31 :INFO : HomePage :Pressed the Enter key.
11-01-2024 15:33:31 :INFO : HomePage :Searching for the result
11-01-2024 15:33:31 :INFO : HomePage :Title is: Python - Google Search
11-01-2024 15:33:31 :INFO : <module> :Tearing down webdriver
11-01-2024 15:33:46 :INFO : <module> :Setting up the webdriver.
11-01-2024 15:33:46 :INFO : <module> :Setting up the webdriver.
11-01-2024 15:33:46 :INFO : <module> :Setting up the webdriver.
11-01-2024 15:33:46 :INFO : <module> :Setting up the webdriver.
11-01-2024 15:33:49 :INFO : HomePage :Entering the text.
11-01-2024 15:33:50 :INFO : <module> :Tearing down webdriver
11-01-2024 15:33:50 :INFO : HomePage :Entering the text.
11-01-2024 15:33:52 :INFO : HomePage :Entering the text.
11-01-2024 15:33:53 :INFO : HomePage :Entered the text.
11-01-2024 15:33:53 :INFO : HomePage :Pressed the Enter key.
11-01-2024 15:33:53 :INFO : HomePage :Searching for the result
11-01-2024 15:33:54 :INFO : HomePage :Entered the text.
11-01-2024 15:33:54 :INFO : HomePage :Pressed the Enter key.
11-01-2024 15:33:54 :INFO : HomePage :Searching for the result
11-01-2024 15:33:56 :INFO : HomePage :Entered the text.
11-01-2024 15:33:56 :INFO : HomePage :Title is: Python - Google Search
11-01-2024 15:33:56 :INFO : <module> :Tearing down webdriver
11-01-2024 15:33:56 :INFO : HomePage :Pressed the Enter key.
11-01-2024 15:33:56 :INFO : HomePage :Searching for the result
11-01-2024 15:33:57 :INFO : HomePage :Title is: Selenium - Google Search
11-01-2024 15:33:57 :INFO : TestSearch :Title is Selenium - Google Search
11-01-2024 15:33:57 :INFO : <module> :Tearing down webdriver
11-01-2024 15:33:59 :INFO : HomePage :Title is: Pytest - Google Search
11-01-2024 15:33:59 :INFO : TestSearch :Title is Pytest - Google Search
11-01-2024 15:33:59 :INFO : <module> :Tearing down webdriver
11-01-2024 15:34:10 :INFO : <module> :Setting up the webdriver.
11-01-2024 15:34:13 :INFO : <module> :Tearing down webdriver
11-01-2024 15:34:13 :INFO : <module> :Setting up the webdriver.
11-01-2024 15:34:18 :INFO : HomePage :Entering the text.
11-01-2024 15:34:22 :INFO : HomePage :Entered the text.
11-01-2024 15:34:22 :INFO : HomePage :Pressed the Enter key.
11-01-2024 15:34:22 :INFO : HomePage :Searching for the result
11-01-2024 15:34:25 :INFO : HomePage :Title is: Python - Google Search
11-01-2024 15:34:25 :INFO : <module> :Tearing down webdriver
11-01-2024 15:34:25 :INFO : <module> :Setting up the webdriver.
11-01-2024 15:34:30 :INFO : HomePage :Entering the text.
11-01-2024 15:34:34 :INFO : HomePage :Entered the text.
11-01-2024 15:34:34 :INFO : HomePage :Pressed the Enter key.
11-01-2024 15:34:34 :INFO : HomePage :Searching for the result
11-01-2024 15:34:37 :INFO : HomePage :Title is: Pytest - Google Search
11-01-2024 15:34:37 :INFO : TestSearch :Title is Pytest - Google Search
11-01-2024 15:34:37 :INFO : <module> :Tearing down webdriver
11-01-2024 15:34:37 :INFO : <module> :Setting up the webdriver.
11-01-2024 15:34:42 :INFO : HomePage :Entering the text.
11-01-2024 15:34:46 :INFO : HomePage :Entered the text.
11-01-2024 15:34:46 :INFO : HomePage :Pressed the Enter key.
11-01-2024 15:34:46 :INFO : HomePage :Searching for the result
11-01-2024 15:34:49 :INFO : HomePage :Title is: Selenium - Google Search
11-01-2024 15:34:49 :INFO : TestSearch :Title is Selenium - Google Search
11-01-2024 15:34:49 :INFO : <module> :Tearing down webdriver
11-01-2024 16:09:48 :INFO : <module> :Setting up the webdriver.
11-01-2024 16:09:48 :INFO : <module> :Setting up the webdriver.
11-01-2024 16:09:48 :INFO : <module> :Setting up the webdriver.
11-01-2024 16:09:48 :INFO : <module> :Setting up the webdriver.
11-01-2024 16:09:52 :INFO : HomePage :Entering the text.
11-01-2024 16:09:52 :INFO : <module> :Tearing down webdriver
11-01-2024 16:09:52 :INFO : HomePage :Entering the text.
11-01-2024 16:09:52 :INFO : HomePage :Entering the text.
11-01-2024 16:09:56 :INFO : HomePage :Entered the text.
11-01-2024 16:09:56 :INFO : HomePage :Entered the text.
11-01-2024 16:09:56 :INFO : HomePage :Entered the text.
11-01-2024 16:09:57 :INFO : HomePage :Pressed the Enter key.
11-01-2024 16:09:57 :INFO : HomePage :Searching for the result
11-01-2024 16:09:57 :INFO : HomePage :Pressed the Enter key.
11-01-2024 16:09:57 :INFO : HomePage :Searching for the result
11-01-2024 16:09:57 :INFO : HomePage :Pressed the Enter key.
11-01-2024 16:09:57 :INFO : HomePage :Searching for the result
11-01-2024 16:09:58 :INFO : HomePage :Title is: Python - Google Search
11-01-2024 16:09:58 :INFO : <module> :Tearing down webdriver
11-01-2024 16:09:59 :INFO : HomePage :Title is: Pytest - Google Search
11-01-2024 16:09:59 :INFO : TestSearch :Title is Pytest - Google Search
11-01-2024 16:09:59 :INFO : <module> :Tearing down webdriver
11-01-2024 16:10:00 :INFO : HomePage :Title is: Selenium - Google Search
11-01-2024 16:10:00 :INFO : TestSearch :Title is Selenium - Google Search
11-01-2024 16:10:00 :INFO : <module> :Tearing down webdriver
11-01-2024 16:10:36 :INFO : <module> :Setting up the webdriver.
11-01-2024 16:10:36 :INFO : <module> :Setting up the webdriver.
11-01-2024 16:10:36 :INFO : <module> :Setting up the webdriver.
11-01-2024 16:10:36 :INFO : <module> :Setting up the webdriver.
11-01-2024 16:10:42 :INFO : HomePage :Entering the text.
11-01-2024 16:10:44 :INFO : <module> :Tearing down webdriver
11-01-2024 16:10:46 :INFO : HomePage :Entered the text.
11-01-2024 16:10:46 :INFO : HomePage :Pressed the Enter key.
11-01-2024 16:10:46 :INFO : HomePage :Searching for the result
11-01-2024 16:10:47 :INFO : HomePage :Title is: Selenium - Google Search
11-01-2024 16:10:47 :INFO : TestSearch :Title is Selenium - Google Search
11-01-2024 16:10:47 :INFO : <module> :Tearing down webdriver
11-01-2024 16:10:47 :INFO : HomePage :Entering the text.
11-01-2024 16:10:50 :INFO : HomePage :Entering the text.
11-01-2024 16:10:51 :INFO : HomePage :Entered the text.
11-01-2024 16:10:51 :INFO : HomePage :Pressed the Enter key.
11-01-2024 16:10:51 :INFO : HomePage :Searching for the result
11-01-2024 16:10:53 :INFO : HomePage :Title is: Pytest - Google Search
11-01-2024 16:10:53 :INFO : TestSearch :Title is Pytest - Google Search
11-01-2024 16:10:53 :INFO : <module> :Tearing down webdriver
11-01-2024 16:10:54 :INFO : HomePage :Entered the text.
11-01-2024 16:10:54 :INFO : HomePage :Pressed the Enter key.
11-01-2024 16:10:54 :INFO : HomePage :Searching for the result
11-01-2024 16:10:56 :INFO : HomePage :Title is: Python - Google Search
11-01-2024 16:10:56 :INFO : <module> :Tearing down webdriver
11-01-2024 18:28:19 :INFO : <module> :Setting up the webdriver.
11-01-2024 18:28:22 :INFO : HomePage :Entering the text.
11-01-2024 18:28:23 :INFO : HomePage :Entering the text.
11-01-2024 18:28:23 :INFO : HomePage :Entering the text.
11-01-2024 18:28:23 :INFO : <module> :Tearing down webdriver
11-01-2024 18:28:27 :INFO : HomePage :Entered the text.
11-01-2024 18:28:27 :INFO : HomePage :Entered the text.
11-01-2024 18:28:27 :INFO : HomePage :Pressed the Enter key.
11-01-2024 18:28:27 :INFO : HomePage :Searching for the result
11-01-2024 18:28:28 :INFO : HomePage :Entered the text.
11-01-2024 18:28:28 :INFO : HomePage :Pressed the Enter key.
11-01-2024 18:28:28 :INFO : HomePage :Searching for the result
11-01-2024 18:28:29 :INFO : HomePage :Title is: Python - Google Search
11-01-2024 18:28:29 :INFO : <module> :Tearing down webdriver
11-01-2024 18:28:30 :INFO : HomePage :Pressed the Enter key.
11-01-2024 18:28:30 :INFO : HomePage :Searching for the result
11-01-2024 18:28:30 :INFO : HomePage :Title is: Selenium - Google Search
11-01-2024 18:28:30 :INFO : TestSearch :Title is Selenium - Google Search
11-01-2024 18:28:30 :INFO : <module> :Tearing down webdriver
11-01-2024 18:28:31 :INFO : HomePage :Title is: Pytest - Google Search
11-01-2024 18:28:31 :INFO : TestSearch :Title is Pytest - Google Search
11-01-2024 18:28:31 :INFO : <module> :Tearing down webdriver
12-01-2024 14:17:17 :INFO : <module> :Setting up the webdriver.
12-01-2024 14:17:21 :INFO : HomePage :Entering the text.
12-01-2024 14:17:22 :INFO : HomePage :Entering the text.
12-01-2024 14:17:22 :INFO : <module> :Tearing down webdriver
12-01-2024 14:17:22 :INFO : HomePage :Entering the text.
12-01-2024 14:17:26 :INFO : HomePage :Entered the text.
12-01-2024 14:17:26 :INFO : HomePage :Pressed the Enter key.
12-01-2024 14:17:26 :INFO : HomePage :Searching for the result
12-01-2024 14:17:26 :INFO : HomePage :Entered the text.
12-01-2024 14:17:26 :INFO : HomePage :Entered the text.
12-01-2024 14:17:26 :INFO : HomePage :Pressed the Enter key.
12-01-2024 14:17:26 :INFO : HomePage :Searching for the result
12-01-2024 14:17:26 :INFO : HomePage :Pressed the Enter key.
12-01-2024 14:17:26 :INFO : HomePage :Searching for the result
12-01-2024 14:17:29 :INFO : HomePage :Title is: Pytest - Google Search
12-01-2024 14:17:29 :INFO : TestSearch :Title is Pytest - Google Search
12-01-2024 14:17:29 :INFO : <module> :Tearing down webdriver
12-01-2024 14:17:29 :INFO : HomePage :Title is: Python - Google Search
12-01-2024 14:17:29 :INFO : <module> :Tearing down webdriver
12-01-2024 14:17:29 :INFO : HomePage :Title is: Selenium - Google Search
12-01-2024 14:17:29 :INFO : TestSearch :Title is Selenium - Google Search
12-01-2024 14:17:29 :INFO : <module> :Tearing down webdriver
14-01-2024 12:13:05 :INFO : <module> :Setting up the webdriver.
14-01-2024 12:13:05 :INFO : <module> :Setting up the webdriver.
14-01-2024 12:13:05 :INFO : <module> :Setting up the webdriver.
14-01-2024 12:13:05 :INFO : <module> :Setting up the webdriver.
14-01-2024 12:13:11 :INFO : HomePage :Entering the text.
14-01-2024 12:13:11 :INFO : <module> :Tearing down webdriver
14-01-2024 12:13:12 :INFO : HomePage :Entering the text.
14-01-2024 12:13:12 :INFO : HomePage :Entering the text.
14-01-2024 12:13:15 :INFO : HomePage :Entered the text.
14-01-2024 12:13:15 :INFO : HomePage :Pressed the Enter key.
14-01-2024 12:13:15 :INFO : HomePage :Searching for the result
14-01-2024 12:13:16 :INFO : HomePage :Entered the text.
14-01-2024 12:13:16 :INFO : HomePage :Entered the text.
14-01-2024 12:13:16 :INFO : HomePage :Pressed the Enter key.
14-01-2024 12:13:16 :INFO : HomePage :Searching for the result
14-01-2024 12:13:16 :INFO : HomePage :Pressed the Enter key.
14-01-2024 12:13:16 :INFO : HomePage :Searching for the result
14-01-2024 12:13:17 :INFO : HomePage :Title is: Selenium - Google Search
14-01-2024 12:13:17 :INFO : TestSearch :Title is Selenium - Google Search
14-01-2024 12:13:17 :INFO : <module> :Tearing down webdriver
14-01-2024 12:13:18 :INFO : HomePage :Title is: Python - Google Search
14-01-2024 12:13:18 :INFO : <module> :Tearing down webdriver
14-01-2024 12:13:19 :INFO : HomePage :Title is: Pytest - Google Search
14-01-2024 12:13:19 :INFO : TestSearch :Title is Pytest - Google Search
14-01-2024 12:13:19 :INFO : <module> :Tearing down webdriver
14-01-2024 12:23:37 :INFO : <module> :Setting up the webdriver.
14-01-2024 12:23:37 :INFO : <module> :Setting up the webdriver.
14-01-2024 12:23:37 :INFO : <module> :Setting up the webdriver.
14-01-2024 12:23:37 :INFO : <module> :Setting up the webdriver.
14-01-2024 12:23:42 :INFO : HomePage :Entering the text.
14-01-2024 12:23:43 :INFO : HomePage :Entering the text.
14-01-2024 12:23:43 :INFO : HomePage :Entering the text.
14-01-2024 12:23:44 :INFO : <module> :Tearing down webdriver
14-01-2024 12:23:47 :INFO : HomePage :Entered the text.
14-01-2024 12:23:47 :INFO : HomePage :Pressed the Enter key.
14-01-2024 12:23:47 :INFO : HomePage :Searching for the result
14-01-2024 12:23:47 :INFO : HomePage :Entered the text.
14-01-2024 12:23:47 :INFO : HomePage :Pressed the Enter key.
14-01-2024 12:23:47 :INFO : HomePage :Searching for the result
14-01-2024 12:23:47 :INFO : HomePage :Entered the text.
14-01-2024 12:23:48 :INFO : HomePage :Pressed the Enter key.
14-01-2024 12:23:48 :INFO : HomePage :Searching for the result
14-01-2024 12:23:48 :INFO : HomePage :Title is: Python - Google Search
14-01-2024 12:23:48 :INFO : <module> :Tearing down webdriver
14-01-2024 12:23:48 :INFO : HomePage :Title is: Selenium - Google Search
14-01-2024 12:23:48 :INFO : class_setup :Title is Selenium - Google Search
14-01-2024 12:23:48 :INFO : <module> :Tearing down webdriver
14-01-2024 12:23:50 :INFO : HomePage :Title is: Pytest - Google Search
14-01-2024 12:23:50 :INFO : class_setup :Title is Pytest - Google Search
14-01-2024 12:23:50 :INFO : <module> :Tearing down webdriver
14-01-2024 12:30:44 :INFO : <module> :Setting up the webdriver.
14-01-2024 12:30:44 :INFO : <module> :Setting up the webdriver.
14-01-2024 12:30:44 :INFO : <module> :Setting up the webdriver.
14-01-2024 12:30:44 :INFO : <module> :Setting up the webdriver.
14-01-2024 12:30:49 :INFO : HomePage :Entering the text.
14-01-2024 12:30:49 :INFO : HomePage :Entering the text.
14-01-2024 12:30:50 :INFO : <module> :Tearing down webdriver
14-01-2024 12:30:51 :INFO : HomePage :Entering the text.
14-01-2024 12:30:53 :INFO : HomePage :Entered the text.
14-01-2024 12:30:53 :INFO : HomePage :Pressed the Enter key.
14-01-2024 12:30:53 :INFO : HomePage :Searching for the result
14-01-2024 12:30:54 :INFO : HomePage :Entered the text.
14-01-2024 12:30:54 :INFO : HomePage :Pressed the Enter key.
14-01-2024 12:30:54 :INFO : HomePage :Searching for the result
14-01-2024 12:30:55 :INFO : HomePage :Entered the text.
14-01-2024 12:30:56 :INFO : HomePage :Pressed the Enter key.
14-01-2024 12:30:56 :INFO : HomePage :Searching for the result
14-01-2024 12:30:56 :INFO : HomePage :Title is: Pytest - Google Search
14-01-2024 12:30:56 :INFO : class_setup :Title is Pytest - Google Search
14-01-2024 12:30:56 :INFO : <module> :Tearing down webdriver
14-01-2024 12:30:56 :INFO : HomePage :Title is: Selenium - Google Search
14-01-2024 12:30:56 :INFO : class_setup :Title is Selenium - Google Search
14-01-2024 12:30:56 :INFO : <module> :Tearing down webdriver
14-01-2024 12:30:56 :INFO : HomePage :Title is: Python - Google Search
14-01-2024 12:30:56 :INFO : <module> :Tearing down webdriver
14-01-2024 12:32:00 :INFO : <module> :Setting up the webdriver.
14-01-2024 12:32:00 :INFO : <module> :Setting up the webdriver.
14-01-2024 12:32:00 :INFO : <module> :Setting up the webdriver.
14-01-2024 12:32:00 :INFO : <module> :Setting up the webdriver.
14-01-2024 12:32:33 :INFO : <module> :Setting up the webdriver.
14-01-2024 12:32:38 :INFO : <module> :Tearing down webdriver
14-01-2024 12:33:23 :INFO : <module> :Setting up the webdriver.
14-01-2024 12:33:23 :INFO : <module> :Setting up the webdriver.
14-01-2024 12:33:23 :INFO : <module> :Setting up the webdriver.
14-01-2024 12:33:23 :INFO : <module> :Setting up the webdriver.
14-01-2024 12:34:30 :INFO : <module> :Setting up the webdriver.
14-01-2024 12:34:30 :INFO : <module> :Setting up the webdriver.
14-01-2024 12:34:30 :INFO : <module> :Setting up the webdriver.
14-01-2024 12:34:30 :INFO : <module> :Setting up the webdriver.
14-01-2024 12:35:37 :INFO : <module> :Setting up the webdriver.
14-01-2024 12:35:37 :INFO : <module> :Setting up the webdriver.
14-01-2024 12:35:37 :INFO : <module> :Setting up the webdriver.
14-01-2024 12:35:37 :INFO : <module> :Setting up the webdriver.
14-01-2024 12:36:49 :INFO : <module> :Setting up the webdriver.
14-01-2024 12:36:49 :INFO : <module> :Setting up the webdriver.
14-01-2024 12:36:49 :INFO : <module> :Setting up the webdriver.
14-01-2024 12:36:49 :INFO : <module> :Setting up the webdriver.
14-01-2024 12:37:32 :INFO : <module> :Setting up the webdriver.
14-01-2024 12:37:32 :INFO : <module> :Setting up the webdriver.
14-01-2024 12:37:32 :INFO : <module> :Setting up the webdriver.
14-01-2024 12:37:32 :INFO : <module> :Setting up the webdriver.
14-01-2024 12:39:19 :INFO : <module> :Setting up the webdriver.
14-01-2024 12:39:19 :INFO : <module> :Setting up the webdriver.
14-01-2024 12:39:19 :INFO : <module> :Setting up the webdriver.
14-01-2024 12:39:19 :INFO : <module> :Setting up the webdriver.
14-01-2024 12:41:15 :INFO : <module> :Setting up the webdriver.
14-01-2024 12:41:15 :INFO : <module> :Setting up the webdriver.
14-01-2024 12:41:15 :INFO : <module> :Setting up the webdriver.
14-01-2024 12:41:15 :INFO : <module> :Setting up the webdriver.
14-01-2024 12:41:55 :INFO : <module> :Setting up the webdriver.
14-01-2024 12:41:58 :INFO : <module> :Tearing down webdriver
14-01-2024 12:46:13 :INFO : <module> :Setting up the webdriver.
14-01-2024 12:46:13 :INFO : <module> :Setting up the webdriver.
14-01-2024 12:46:13 :INFO : <module> :Setting up the webdriver.
14-01-2024 12:46:13 :INFO : <module> :Setting up the webdriver.
14-01-2024 12:46:53 :INFO : <module> :Setting up the webdriver.
14-01-2024 12:46:53 :INFO : <module> :Setting up the webdriver.
14-01-2024 12:46:53 :INFO : <module> :Setting up the webdriver.
14-01-2024 12:46:53 :INFO : <module> :Setting up the webdriver.
14-01-2024 12:47:07 :INFO : <module> :Setting up the webdriver.
14-01-2024 12:48:25 :INFO : <module> :Setting up the webdriver.
14-01-2024 12:49:29 :INFO : <module> :Setting up the webdriver.
14-01-2024 12:50:26 :INFO : <module> :Setting up the webdriver.
14-01-2024 12:51:03 :INFO : <module> :Setting up the webdriver.
14-01-2024 12:53:34 :INFO : <module> :Setting up the webdriver.
14-01-2024 12:53:38 :INFO : HomePage :Entering the text.
14-01-2024 12:53:42 :INFO : HomePage :Entered the text.
14-01-2024 12:53:42 :INFO : HomePage :Pressed the Enter key.
14-01-2024 12:53:42 :INFO : HomePage :Searching for the result
14-01-2024 12:53:43 :INFO : HomePage :Title is: Python - Google Search
14-01-2024 12:53:43 :INFO : HomePage :Entering the text.
14-01-2024 12:53:47 :INFO : HomePage :Entered the text.
14-01-2024 12:53:47 :INFO : HomePage :Pressed the Enter key.
14-01-2024 12:53:47 :INFO : HomePage :Searching for the result
14-01-2024 12:53:47 :INFO : HomePage :Title is: Pytest - Google Search
14-01-2024 12:53:47 :INFO : class_setup :Title is Pytest - Google Search
14-01-2024 12:53:47 :INFO : class_setup :Title is Pytest - Google Search
14-01-2024 12:53:47 :INFO : class_setup :Title is Pytest - Google Search
14-01-2024 12:53:47 :INFO : HomePage :Entering the text.
14-01-2024 12:53:52 :INFO : HomePage :Entered the text.
14-01-2024 12:53:52 :INFO : HomePage :Pressed the Enter key.
14-01-2024 12:53:52 :INFO : HomePage :Searching for the result
14-01-2024 12:53:52 :INFO : HomePage :Title is: Selenium - Google Search
14-01-2024 12:53:52 :INFO : class_setup :Title is Selenium - Google Search
14-01-2024 12:53:52 :INFO : class_setup :Title is Selenium - Google Search
14-01-2024 12:53:52 :INFO : class_setup :Title is Selenium - Google Search
14-01-2024 12:53:52 :INFO : class_setup :Title is Selenium - Google Search
14-01-2024 12:53:52 :INFO : <module> :Tearing down webdriver
14-01-2024 12:54:05 :INFO : <module> :Setting up the webdriver.
14-01-2024 12:54:05 :INFO : <module> :Setting up the webdriver.
14-01-2024 12:54:05 :INFO : <module> :Setting up the webdriver.
14-01-2024 12:54:05 :INFO : <module> :Setting up the webdriver.
14-01-2024 12:54:10 :INFO : <module> :Tearing down webdriver
14-01-2024 12:54:10 :INFO : HomePage :Entering the text.
14-01-2024 12:54:11 :INFO : HomePage :Entering the text.
14-01-2024 12:54:11 :INFO : HomePage :Entering the text.
14-01-2024 12:54:15 :INFO : HomePage :Entered the text.
14-01-2024 12:54:15 :INFO : HomePage :Entered the text.
14-01-2024 12:54:15 :INFO : HomePage :Entered the text.
14-01-2024 12:54:15 :INFO : HomePage :Pressed the Enter key.
14-01-2024 12:54:15 :INFO : HomePage :Searching for the result
14-01-2024 12:54:15 :INFO : HomePage :Pressed the Enter key.
14-01-2024 12:54:15 :INFO : HomePage :Searching for the result
14-01-2024 12:54:15 :INFO : HomePage :Pressed the Enter key.
14-01-2024 12:54:15 :INFO : HomePage :Searching for the result
14-01-2024 12:54:16 :INFO : HomePage :Title is: Python - Google Search
14-01-2024 12:54:16 :INFO : <module> :Tearing down webdriver
14-01-2024 12:54:16 :INFO : HomePage :Title is: Selenium - Google Search
14-01-2024 12:54:16 :INFO : class_setup :Title is Selenium - Google Search
14-01-2024 12:54:16 :INFO : <module> :Tearing down webdriver
14-01-2024 12:54:18 :INFO : HomePage :Title is: Pytest - Google Search
14-01-2024 12:54:18 :INFO : class_setup :Title is Pytest - Google Search
14-01-2024 12:54:18 :INFO : <module> :Tearing down webdriver
14-01-2024 12:56:33 :INFO : <module> :Setting up the webdriver.
14-01-2024 12:56:33 :INFO : <module> :Setting up the webdriver.
14-01-2024 12:56:33 :INFO : <module> :Setting up the webdriver.
14-01-2024 12:56:33 :INFO : <module> :Setting up the webdriver.
14-01-2024 12:56:38 :INFO : HomePage :Entering the text.
14-01-2024 12:56:38 :INFO : HomePage :Entering the text.
14-01-2024 12:56:39 :INFO : <module> :Tearing down webdriver
14-01-2024 12:56:39 :INFO : HomePage :Entering the text.
14-01-2024 12:56:42 :INFO : HomePage :Entered the text.
14-01-2024 12:56:42 :INFO : HomePage :Entered the text.
14-01-2024 12:56:42 :INFO : HomePage :Pressed the Enter key.
14-01-2024 12:56:42 :INFO : HomePage :Searching for the result
14-01-2024 12:56:42 :INFO : HomePage :Pressed the Enter key.
14-01-2024 12:56:42 :INFO : HomePage :Searching for the result
14-01-2024 12:56:43 :INFO : HomePage :Entered the text.
14-01-2024 12:56:43 :INFO : HomePage :Pressed the Enter key.
14-01-2024 12:56:43 :INFO : HomePage :Searching for the result
14-01-2024 12:56:44 :INFO : HomePage :Title is: Python - Google Search
14-01-2024 12:56:44 :INFO : <module> :Tearing down webdriver
14-01-2024 12:56:45 :INFO : HomePage :Title is: Selenium - Google Search
14-01-2024 12:56:45 :INFO : class_setup :Title is Selenium - Google Search
14-01-2024 12:56:45 :INFO : <module> :Tearing down webdriver
14-01-2024 12:56:47 :INFO : HomePage :Title is: Pytest - Google Search
14-01-2024 12:56:47 :INFO : class_setup :Title is Pytest - Google Search
14-01-2024 12:56:47 :INFO : <module> :Tearing down webdriver
14-01-2024 13:03:45 :INFO : <module> :Setting up the webdriver.
14-01-2024 13:03:45 :INFO : <module> :Setting up the webdriver.
14-01-2024 13:03:45 :INFO : <module> :Setting up the webdriver.
14-01-2024 13:03:45 :INFO : <module> :Setting up the webdriver.
14-01-2024 13:04:09 :INFO : <module> :Setting up the webdriver.
14-01-2024 13:04:09 :INFO : <module> :Setting up the webdriver.
14-01-2024 13:04:09 :INFO : <module> :Setting up the webdriver.
14-01-2024 13:04:09 :INFO : <module> :Setting up the webdriver.
14-01-2024 13:04:13 :INFO : HomePage :Entering the text.
14-01-2024 13:04:14 :INFO : <module> :Tearing down webdriver
14-01-2024 13:04:14 :INFO : HomePage :Entering the text.
14-01-2024 13:04:15 :INFO : HomePage :Entering the text.
14-01-2024 13:04:18 :INFO : HomePage :Entered the text.
14-01-2024 13:04:18 :INFO : HomePage :Pressed the Enter key.
14-01-2024 13:04:18 :INFO : HomePage :Searching for the result
14-01-2024 13:04:19 :INFO : HomePage :Entered the text.
14-01-2024 13:04:19 :INFO : HomePage :Pressed the Enter key.
14-01-2024 13:04:19 :INFO : HomePage :Searching for the result
14-01-2024 13:04:19 :INFO : HomePage :Entered the text.
14-01-2024 13:04:19 :INFO : HomePage :Pressed the Enter key.
14-01-2024 13:04:19 :INFO : HomePage :Searching for the result
14-01-2024 13:04:20 :INFO : HomePage :Title is: Pytest - Google Search
14-01-2024 13:04:20 :INFO : class_setup :Title is Pytest - Google Search
14-01-2024 13:04:20 :INFO : <module> :Tearing down webdriver
14-01-2024 13:04:20 :INFO : HomePage :Title is: Python - Google Search
14-01-2024 13:04:20 :INFO : <module> :Tearing down webdriver
14-01-2024 13:04:21 :INFO : HomePage :Title is: Selenium - Google Search
14-01-2024 13:04:21 :INFO : class_setup :Title is Selenium - Google Search
14-01-2024 13:04:21 :INFO : <module> :Tearing down webdriver
14-01-2024 13:07:02 :INFO : <module> :Setting up the webdriver.
14-01-2024 13:07:06 :INFO : HomePage :Entering the text.
14-01-2024 13:07:10 :INFO : HomePage :Entered the text.
14-01-2024 13:07:11 :INFO : HomePage :Pressed the Enter key.
14-01-2024 13:07:11 :INFO : HomePage :Searching for the result
14-01-2024 13:07:13 :INFO : HomePage :Title is: Python - Google Search
14-01-2024 13:07:13 :INFO : HomePage :Entering the text.
14-01-2024 13:07:18 :INFO : HomePage :Entered the text.
14-01-2024 13:07:18 :INFO : HomePage :Pressed the Enter key.
14-01-2024 13:07:18 :INFO : HomePage :Searching for the result
14-01-2024 13:07:20 :INFO : HomePage :Title is: Pytest - Google Search
14-01-2024 13:07:20 :INFO : class_setup :Title is Pytest - Google Search
14-01-2024 13:07:20 :INFO : class_setup :Title is Pytest - Google Search
14-01-2024 13:07:20 :INFO : class_setup :Title is Pytest - Google Search
14-01-2024 13:07:20 :INFO : HomePage :Entering the text.
14-01-2024 13:07:24 :INFO : HomePage :Entered the text.
14-01-2024 13:07:25 :INFO : HomePage :Pressed the Enter key.
14-01-2024 13:07:25 :INFO : HomePage :Searching for the result
14-01-2024 13:07:25 :INFO : HomePage :Title is: Selenium - Google Search
14-01-2024 13:07:25 :INFO : class_setup :Title is Selenium - Google Search
14-01-2024 13:07:25 :INFO : class_setup :Title is Selenium - Google Search
14-01-2024 13:07:25 :INFO : class_setup :Title is Selenium - Google Search
14-01-2024 13:07:25 :INFO : class_setup :Title is Selenium - Google Search
14-01-2024 13:07:25 :INFO : <module> :Tearing down webdriver
14-01-2024 13:07:47 :INFO : <module> :Setting up the webdriver.
14-01-2024 13:07:47 :INFO : <module> :Setting up the webdriver.
14-01-2024 13:07:47 :INFO : <module> :Setting up the webdriver.
14-01-2024 13:07:47 :INFO : <module> :Setting up the webdriver.
14-01-2024 13:07:51 :INFO : <module> :Tearing down webdriver
14-01-2024 13:07:51 :INFO : HomePage :Entering the text.
14-01-2024 13:07:51 :INFO : HomePage :Entering the text.
14-01-2024 13:07:51 :INFO : HomePage :Entering the text.
14-01-2024 13:07:56 :INFO : HomePage :Entered the text.
14-01-2024 13:07:56 :INFO : HomePage :Entered the text.
14-01-2024 13:07:56 :INFO : HomePage :Entered the text.
14-01-2024 13:07:56 :INFO : HomePage :Pressed the Enter key.
14-01-2024 13:07:56 :INFO : HomePage :Searching for the result
14-01-2024 13:07:56 :INFO : HomePage :Pressed the Enter key.
14-01-2024 13:07:56 :INFO : HomePage :Searching for the result
14-01-2024 13:07:56 :INFO : HomePage :Pressed the Enter key.
14-01-2024 13:07:56 :INFO : HomePage :Searching for the result
14-01-2024 13:07:57 :INFO : HomePage :Title is: Pytest - Google Search
14-01-2024 13:07:57 :INFO : class_setup :Title is Pytest - Google Search
14-01-2024 13:07:57 :INFO : <module> :Tearing down webdriver
14-01-2024 13:07:57 :INFO : HomePage :Title is: Python - Google Search
14-01-2024 13:07:57 :INFO : <module> :Tearing down webdriver
14-01-2024 13:07:58 :INFO : HomePage :Title is: Selenium - Google Search
14-01-2024 13:07:58 :INFO : class_setup :Title is Selenium - Google Search
14-01-2024 13:07:58 :INFO : <module> :Tearing down webdriver
14-01-2024 13:08:25 :INFO : <module> :Setting up the webdriver.
14-01-2024 13:08:25 :INFO : <module> :Setting up the webdriver.
14-01-2024 13:08:25 :INFO : <module> :Setting up the webdriver.
14-01-2024 13:08:25 :INFO : <module> :Setting up the webdriver.
14-01-2024 13:08:29 :INFO : HomePage :Entering the text.
14-01-2024 13:08:30 :INFO : HomePage :Entering the text.
14-01-2024 13:08:30 :INFO : <module> :Tearing down webdriver
14-01-2024 13:08:32 :INFO : HomePage :Entering the text.
14-01-2024 13:08:33 :INFO : HomePage :Entered the text.
14-01-2024 13:08:34 :INFO : HomePage :Pressed the Enter key.
14-01-2024 13:08:34 :INFO : HomePage :Searching for the result
14-01-2024 13:08:34 :INFO : HomePage :Entered the text.
14-01-2024 13:08:34 :INFO : HomePage :Pressed the Enter key.
14-01-2024 13:08:34 :INFO : HomePage :Searching for the result
14-01-2024 13:08:35 :INFO : HomePage :Title is: Selenium - Google Search
14-01-2024 13:08:35 :INFO : class_setup :Title is Selenium - Google Search
14-01-2024 13:08:35 :INFO : <module> :Tearing down webdriver
14-01-2024 13:08:36 :INFO : HomePage :Title is: Python - Google Search
14-01-2024 13:08:36 :INFO : <module> :Tearing down webdriver
14-01-2024 13:08:36 :INFO : HomePage :Entered the text.
14-01-2024 13:08:36 :INFO : HomePage :Pressed the Enter key.
14-01-2024 13:08:36 :INFO : HomePage :Searching for the result
14-01-2024 13:08:39 :INFO : HomePage :Title is: Pytest - Google Search
14-01-2024 13:08:39 :INFO : class_setup :Title is Pytest - Google Search
14-01-2024 13:08:39 :INFO : <module> :Tearing down webdriver
14-01-2024 13:17:06 :INFO : <module> :Setting up the webdriver.
14-01-2024 13:17:06 :INFO : <module> :Setting up the webdriver.
14-01-2024 13:17:06 :INFO : <module> :Setting up the webdriver.
14-01-2024 13:17:06 :INFO : <module> :Setting up the webdriver.
14-01-2024 13:17:13 :INFO : <module> :Setting up the webdriver.
14-01-2024 16:13:53 :INFO : <module> :Setting up the webdriver.
14-01-2024 16:13:53 :INFO : <module> :Setting up the webdriver.
14-01-2024 16:13:53 :INFO : <module> :Setting up the webdriver.
14-01-2024 16:13:53 :INFO : <module> :Setting up the webdriver.
14-01-2024 16:18:05 :INFO : <module> :Setting up the webdriver.
14-01-2024 16:18:05 :INFO : <module> :Setting up the webdriver.
14-01-2024 16:18:05 :INFO : <module> :Setting up the webdriver.
14-01-2024 16:18:05 :INFO : <module> :Setting up the webdriver.
14-01-2024 16:18:09 :INFO : HomePage :Entering the text.
14-01-2024 16:18:09 :INFO : HomePage :Entering the text.
14-01-2024 16:18:10 :INFO : HomePage :Entering the text.
14-01-2024 16:18:10 :INFO : <module> :Tearing down webdriver
14-01-2024 16:18:13 :INFO : HomePage :Entered the text.
14-01-2024 16:18:13 :INFO : HomePage :Pressed the Enter key.
14-01-2024 16:18:13 :INFO : HomePage :Searching for the result
14-01-2024 16:18:14 :INFO : HomePage :Entered the text.
14-01-2024 16:18:14 :INFO : HomePage :Entered the text.
14-01-2024 16:18:14 :INFO : HomePage :Pressed the Enter key.
14-01-2024 16:18:14 :INFO : HomePage :Searching for the result
14-01-2024 16:18:14 :INFO : HomePage :Pressed the Enter key.
14-01-2024 16:18:14 :INFO : HomePage :Searching for the result
14-01-2024 16:18:15 :INFO : HomePage :Title is: Python - Google Search
14-01-2024 16:18:15 :INFO : <module> :Tearing down webdriver
14-01-2024 16:18:16 :INFO : HomePage :Title is: Selenium - Google Search
14-01-2024 16:18:16 :INFO : class_setup :Title is Selenium - Google Search
14-01-2024 16:18:16 :INFO : <module> :Tearing down webdriver
14-01-2024 16:18:17 :INFO : HomePage :Title is: Pytest - Google Search
14-01-2024 16:18:17 :INFO : class_setup :Title is Pytest - Google Search
14-01-2024 16:18:17 :INFO : <module> :Tearing down webdriver
14-01-2024 17:00:09 :INFO : <module> :Setting up the webdriver.
14-01-2024 17:00:09 :INFO : <module> :Setting up the webdriver.
14-01-2024 17:00:09 :INFO : <module> :Setting up the webdriver.
14-01-2024 17:00:09 :INFO : <module> :Setting up the webdriver.
14-01-2024 17:00:14 :INFO : HomePage :Entering the text.
14-01-2024 17:00:15 :INFO : HomePage :Entering the text.
14-01-2024 17:00:15 :INFO : <module> :Tearing down webdriver
14-01-2024 17:00:16 :INFO : HomePage :Entering the text.
14-01-2024 17:00:18 :INFO : HomePage :Entered the text.
14-01-2024 17:00:18 :INFO : HomePage :Pressed the Enter key.
14-01-2024 17:00:18 :INFO : HomePage :Searching for the result
14-01-2024 17:00:19 :INFO : HomePage :Title is: Python - Google Search
14-01-2024 17:00:19 :INFO : <module> :Tearing down webdriver
14-01-2024 17:00:19 :INFO : HomePage :Entered the text.
14-01-2024 17:00:19 :INFO : HomePage :Pressed the Enter key.
14-01-2024 17:00:19 :INFO : HomePage :Searching for the result
14-01-2024 17:00:20 :INFO : HomePage :Entered the text.
14-01-2024 17:00:20 :INFO : HomePage :Pressed the Enter key.
14-01-2024 17:00:20 :INFO : HomePage :Searching for the result
14-01-2024 17:00:22 :INFO : HomePage :Title is: Pytest - Google Search
14-01-2024 17:00:22 :INFO : class_setup :Title is Pytest - Google Search
14-01-2024 17:00:22 :INFO : <module> :Tearing down webdriver
14-01-2024 17:00:23 :INFO : HomePage :Title is: Selenium - Google Search
14-01-2024 17:00:23 :INFO : class_setup :Title is Selenium - Google Search
14-01-2024 17:00:23 :INFO : <module> :Tearing down webdriver
14-01-2024 17:01:23 :INFO : <module> :Setting up the webdriver.
14-01-2024 17:01:23 :INFO : <module> :Setting up the webdriver.
14-01-2024 17:01:23 :INFO : <module> :Setting up the webdriver.
14-01-2024 17:01:23 :INFO : <module> :Setting up the webdriver.
14-01-2024 17:01:27 :INFO : HomePage :Entering the text.
14-01-2024 17:01:28 :INFO : HomePage :Entering the text.
14-01-2024 17:01:29 :INFO : HomePage :Entering the text.
14-01-2024 17:01:29 :INFO : <module> :Tearing down webdriver
14-01-2024 17:01:32 :INFO : HomePage :Entered the text.
14-01-2024 17:01:32 :INFO : HomePage :Pressed the Enter key.
14-01-2024 17:01:32 :INFO : HomePage :Searching for the result
14-01-2024 17:01:33 :INFO : HomePage :Entered the text.
14-01-2024 17:01:33 :INFO : HomePage :Entered the text.
14-01-2024 17:01:33 :INFO : HomePage :Pressed the Enter key.
14-01-2024 17:01:33 :INFO : HomePage :Searching for the result
14-01-2024 17:01:33 :INFO : HomePage :Pressed the Enter key.
14-01-2024 17:01:33 :INFO : HomePage :Searching for the result
14-01-2024 17:01:33 :INFO : HomePage :Title is: Python - Google Search
14-01-2024 17:01:33 :INFO : <module> :Tearing down webdriver
14-01-2024 17:01:35 :INFO : HomePage :Title is: Selenium - Google Search
14-01-2024 17:01:35 :INFO : class_setup :Title is Selenium - Google Search
14-01-2024 17:01:35 :INFO : <module> :Tearing down webdriver
14-01-2024 17:01:36 :INFO : HomePage :Title is: Pytest - Google Search
14-01-2024 17:01:36 :INFO : class_setup :Title is Pytest - Google Search
14-01-2024 17:01:36 :INFO : <module> :Tearing down webdriver
28-01-2024 21:39:15 :INFO : <module> :Setting up the webdriver.
28-01-2024 21:40:12 :INFO : <module> :Setting up the webdriver.
28-01-2024 21:40:28 :INFO : <module> :Setting up the webdriver.
28-01-2024 21:40:28 :INFO : <module> :Setting up the webdriver.
28-01-2024 21:40:28 :INFO : <module> :Setting up the webdriver.
28-01-2024 21:40:28 :INFO : <module> :Setting up the webdriver.
28-01-2024 21:40:37 :INFO : HomePage :Entering the text.
28-01-2024 21:40:38 :INFO : <module> :Tearing down webdriver
28-01-2024 21:40:39 :INFO : HomePage :Entering the text.
28-01-2024 21:40:40 :INFO : HomePage :Entering the text.
28-01-2024 21:40:42 :INFO : HomePage :Entered the text.
28-01-2024 21:40:42 :INFO : HomePage :Pressed the Enter key.
28-01-2024 21:40:42 :INFO : HomePage :Searching for the result
28-01-2024 21:40:44 :INFO : HomePage :Entered the text.
28-01-2024 21:40:44 :INFO : HomePage :Pressed the Enter key.
28-01-2024 21:40:44 :INFO : HomePage :Searching for the result
28-01-2024 21:40:44 :INFO : HomePage :Entered the text.
28-01-2024 21:40:45 :INFO : HomePage :Pressed the Enter key.
28-01-2024 21:40:45 :INFO : HomePage :Searching for the result
28-01-2024 21:40:45 :INFO : HomePage :Title is: Selenium - Google Search
28-01-2024 21:40:45 :INFO : class_setup :Title is Selenium - Google Search
28-01-2024 21:40:45 :INFO : <module> :Tearing down webdriver
28-01-2024 21:40:46 :INFO : HomePage :Title is: Python - Google Search
28-01-2024 21:40:46 :INFO : <module> :Tearing down webdriver
28-01-2024 21:40:51 :INFO : HomePage :Title is: Pytest - Google Search
28-01-2024 21:40:51 :INFO : class_setup :Title is Pytest - Google Search
28-01-2024 21:40:51 :INFO : <module> :Tearing down webdriver
28-01-2024 21:41:32 :INFO : <module> :Setting up the webdriver.
31-01-2024 22:16:55 :INFO : <module> :Setting up the webdriver.
31-01-2024 22:17:13 :INFO : <module> :Setting up the webdriver.
31-01-2024 22:17:18 :INFO : <module> :Tearing down webdriver
